<?xml version="1.0" encoding="UTF-8"?>
<!-- Generated by org.testng.reporters.JUnitReportReporter -->
<testsuite hostname="SLB-F2NLRF2" failures="0" tests="9" name="com.restapi_TestCases.TC001_Get_All_Employees" time="0.040" errors="0" timestamp="2020-06-15T09:34:44 IST" skipped="0">
  <testcase classname="com.restapi_TestCases.TC001_Get_All_Employees" name="checkTheContentType" time="0.002"/>
  <system-out/>
  <testcase classname="com.restapi_TestCases.TC001_Get_All_Employees" name="checkStatusLine" time="0.003"/>
  <system-out/>
  <testcase classname="com.restapi_TestCases.TC001_Get_All_Employees" name="checkCookies" time="0.001"/>
  <system-out/>
  <testcase classname="com.restapi_TestCases.TC001_Get_All_Employees" name="checkContentEncodeType" time="0.007"/>
  <system-out/>
  <testcase classname="com.restapi_TestCases.TC001_Get_All_Employees" name="checkResponseBody" time="0.020"/>
  <system-out/>
  <testcase classname="com.restapi_TestCases.TC001_Get_All_Employees" name="checkStatusCode" time="0.002"/>
  <system-out/>
  <testcase classname="com.restapi_TestCases.TC001_Get_All_Employees" name="checkServerType" time="0.001"/>
  <system-out/>
  <testcase classname="com.restapi_TestCases.TC001_Get_All_Employees" name="checkContentLength" time="0.002"/>
  <system-out/>
  <testcase classname="com.restapi_TestCases.TC001_Get_All_Employees" name="checkReponseTime" time="0.002"/>
  <system-out/>
</testsuite> <!-- com.restapi_TestCases.TC001_Get_All_Employees -->
